Mon Sep 24 16:15:22 2018 [679][1][FATAL] log call at: modules/Administration/index.tpl:54 - MY_FRAME is not set
Mon Sep 24 16:15:38 2018 [679][1][FATAL] log call at: modules/Administration/index.tpl:54 - MY_FRAME is not set
Mon Sep 24 16:15:47 2018 [3258][1][FATAL] log call at: modules/Administration/index.tpl:54 - MY_FRAME is not set
Mon Sep 24 16:15:58 2018 [3258][1][FATAL] Exception handling in /var/www/html/crm-creacttive/include/MVC/Controller/SugarController.php:402
Mon Sep 24 16:15:58 2018 [3258][1][FATAL] Exception in Controller: Unable to load widget for 'Leads' : ''
Mon Sep 24 16:15:58 2018 [3258][1][FATAL] backtrace:
#0 /var/www/html/crm-creacttive/modules/DynamicFields/DynamicField.php(230): sugar_die('Unable to load ...')
#1 /var/www/html/crm-creacttive/modules/DynamicFields/templates/Fields/TemplateRelatedTextField.php(219): DynamicField->getFieldWidget('Leads', NULL)
#2 /var/www/html/crm-creacttive/ModuleInstall/ModuleInstaller.php(1591): TemplateRelatedTextField->delete(Object(DynamicField))
#3 /var/www/html/crm-creacttive/ModuleInstall/ModuleInstaller.php(1680): ModuleInstaller->uninstall_relationships()
#4 /var/www/html/crm-creacttive/ModuleInstall/PackageManager/PackageManager.php(608): ModuleInstaller->uninstall('/var/www/html/c...')
#5 /var/www/html/crm-creacttive/modules/ModuleBuilder/controller.php(249): PackageManager->performUninstall('Courses')
#6 /var/www/html/crm-creacttive/include/MVC/Controller/SugarController.php(523): ModuleBuilderController->action_DeployPackage()
#7 /var/www/html/crm-creacttive/include/MVC/Controller/SugarController.php(491): SugarController->do_action()
#8 /var/www/html/crm-creacttive/include/MVC/Controller/SugarController.php(465): SugarController->handle_action()
#9 /var/www/html/crm-creacttive/modules/ModuleBuilder/controller.php(108): SugarController->process()
#10 /var/www/html/crm-creacttive/include/MVC/Controller/SugarController.php(373): ModuleBuilderController->process()
#11 /var/www/html/crm-creacttive/include/MVC/SugarApplication.php(109): SugarController->execute()
#12 /var/www/html/crm-creacttive/index.php(52): SugarApplication->execute()
#13 {main}
Mon Sep 24 16:16:47 2018 [674][1][FATAL] Exception handling in /var/www/html/crm-creacttive/include/MVC/Controller/SugarController.php:402
Mon Sep 24 16:16:47 2018 [674][1][FATAL] Exception in Controller: Unable to load widget for 'Leads' : ''
Mon Sep 24 16:16:47 2018 [674][1][FATAL] backtrace:
#0 /var/www/html/crm-creacttive/modules/DynamicFields/DynamicField.php(230): sugar_die('Unable to load ...')
#1 /var/www/html/crm-creacttive/modules/DynamicFields/templates/Fields/TemplateRelatedTextField.php(219): DynamicField->getFieldWidget('Leads', NULL)
#2 /var/www/html/crm-creacttive/ModuleInstall/ModuleInstaller.php(1591): TemplateRelatedTextField->delete(Object(DynamicField))
#3 /var/www/html/crm-creacttive/ModuleInstall/ModuleInstaller.php(1680): ModuleInstaller->uninstall_relationships()
#4 /var/www/html/crm-creacttive/ModuleInstall/PackageManager/PackageManager.php(608): ModuleInstaller->uninstall('/var/www/html/c...')
#5 /var/www/html/crm-creacttive/modules/ModuleBuilder/controller.php(249): PackageManager->performUninstall('Courses')
#6 /var/www/html/crm-creacttive/include/MVC/Controller/SugarController.php(523): ModuleBuilderController->action_DeployPackage()
#7 /var/www/html/crm-creacttive/include/MVC/Controller/SugarController.php(491): SugarController->do_action()
#8 /var/www/html/crm-creacttive/include/MVC/Controller/SugarController.php(465): SugarController->handle_action()
#9 /var/www/html/crm-creacttive/modules/ModuleBuilder/controller.php(108): SugarController->process()
#10 /var/www/html/crm-creacttive/include/MVC/Controller/SugarController.php(373): ModuleBuilderController->process()
#11 /var/www/html/crm-creacttive/include/MVC/SugarApplication.php(109): SugarController->execute()
#12 /var/www/html/crm-creacttive/index.php(52): SugarApplication->execute()
#13 {main}
Mon Sep 24 16:27:07 2018 [679][1][FATAL] log call at: modules/Administration/index.tpl:54 - MY_FRAME is not set
Mon Sep 24 16:30:09 2018 [4286][1][FATAL] Exception handling in /var/www/html/crm-creacttive/include/MVC/Controller/SugarController.php:402
Mon Sep 24 16:30:09 2018 [4286][1][FATAL] Exception in Controller: Unable to load widget for 'Leads' : ''
Mon Sep 24 16:30:09 2018 [4286][1][FATAL] backtrace:
#0 /var/www/html/crm-creacttive/modules/DynamicFields/DynamicField.php(230): sugar_die('Unable to load ...')
#1 /var/www/html/crm-creacttive/modules/DynamicFields/templates/Fields/TemplateRelatedTextField.php(219): DynamicField->getFieldWidget('Leads', NULL)
#2 /var/www/html/crm-creacttive/ModuleInstall/ModuleInstaller.php(1591): TemplateRelatedTextField->delete(Object(DynamicField))
#3 /var/www/html/crm-creacttive/ModuleInstall/ModuleInstaller.php(1680): ModuleInstaller->uninstall_relationships()
#4 /var/www/html/crm-creacttive/ModuleInstall/PackageManager/PackageManager.php(608): ModuleInstaller->uninstall('/var/www/html/c...')
#5 /var/www/html/crm-creacttive/modules/ModuleBuilder/controller.php(249): PackageManager->performUninstall('Courses')
#6 /var/www/html/crm-creacttive/include/MVC/Controller/SugarController.php(523): ModuleBuilderController->action_DeployPackage()
#7 /var/www/html/crm-creacttive/include/MVC/Controller/SugarController.php(491): SugarController->do_action()
#8 /var/www/html/crm-creacttive/include/MVC/Controller/SugarController.php(465): SugarController->handle_action()
#9 /var/www/html/crm-creacttive/modules/ModuleBuilder/controller.php(108): SugarController->process()
#10 /var/www/html/crm-creacttive/include/MVC/Controller/SugarController.php(373): ModuleBuilderController->process()
#11 /var/www/html/crm-creacttive/include/MVC/SugarApplication.php(109): SugarController->execute()
#12 /var/www/html/crm-creacttive/index.php(52): SugarApplication->execute()
#13 {main}
Mon Sep 24 16:43:47 2018 [4338][1][FATAL] log call at: modules/Administration/index.tpl:54 - MY_FRAME is not set
Mon Sep 24 16:47:21 2018 [4286][1][FATAL] Error: El módulo leads no existe.
Mon Sep 24 16:47:33 2018 [2861][1][FATAL] Missing relationship definition leads_mks_interestcourse_1. skipping leads_mks_interestcourse_1 subpanel
Mon Sep 24 16:48:35 2018 [4406][1][FATAL] MysqliManager: Empty query
Mon Sep 24 16:49:58 2018 [679][1][FATAL] log call at: modules/Administration/index.tpl:54 - MY_FRAME is not set
Mon Sep 24 16:50:50 2018 [4503][1][FATAL] Missing relationship definition mks_courses_mks_interestcourse_1. skipping mks_courses_mks_interestcourse_1 subpanel
Mon Sep 24 16:51:13 2018 [679][1][FATAL] log call at: modules/Administration/index.tpl:54 - MY_FRAME is not set
Mon Sep 24 16:53:40 2018 [679][1][FATAL] log call at: modules/Administration/index.tpl:54 - MY_FRAME is not set
Mon Sep 24 16:57:45 2018 [4616][1][FATAL] log call at: modules/Administration/index.tpl:54 - MY_FRAME is not set
Mon Sep 24 17:01:45 2018 [4503][1][FATAL] log call at: modules/Administration/index.tpl:54 - MY_FRAME is not set
Mon Sep 24 17:09:46 2018 [679][1][FATAL] log call at: modules/Administration/index.tpl:54 - MY_FRAME is not set
Mon Sep 24 17:11:03 2018 [3078][1][FATAL] Exception handling in /var/www/html/crm-creacttive/include/MVC/Controller/SugarController.php:402
Mon Sep 24 17:11:03 2018 [3078][1][FATAL] Exception in Controller: Subpanel was not defined
Mon Sep 24 17:11:03 2018 [3078][1][FATAL] backtrace:
#0 /var/www/html/crm-creacttive/include/SubPanel/SubPanelViewer.php(61): sugar_die('Subpanel was no...')
#1 /var/www/html/crm-creacttive/include/MVC/Controller/SugarController.php(1081): require_once('/var/www/html/c...')
#2 /var/www/html/crm-creacttive/include/MVC/Controller/SugarController.php(465): SugarController->handleActionMaps()
#3 /var/www/html/crm-creacttive/include/MVC/Controller/SugarController.php(373): SugarController->process()
#4 /var/www/html/crm-creacttive/include/MVC/SugarApplication.php(109): SugarController->execute()
#5 /var/www/html/crm-creacttive/index.php(52): SugarApplication->execute()
#6 {main}
Mon Sep 24 17:19:10 2018 [5705][1][FATAL] log call at: modules/Administration/index.tpl:54 - MY_FRAME is not set
Mon Sep 24 17:21:43 2018 [5487][1][FATAL] log call at: modules/Administration/index.tpl:54 - MY_FRAME is not set
Mon Sep 24 17:22:32 2018 [5428][1][FATAL] log call at: modules/Administration/index.tpl:54 - MY_FRAME is not set
Mon Sep 24 17:24:28 2018 [4406][1][FATAL] log call at: modules/Administration/index.tpl:54 - MY_FRAME is not set
Mon Sep 24 17:25:52 2018 [5667][1][FATAL] log call at: modules/Administration/index.tpl:54 - MY_FRAME is not set
Mon Sep 24 17:30:56 2018 [5083][1][FATAL] Missing relationship definition leads_mks_interestcourse_1. skipping leads_mks_interestcourse_1 subpanel
Mon Sep 24 17:31:01 2018 [5083][1][FATAL] MysqliManager: Empty query
Mon Sep 24 17:31:42 2018 [3078][1][FATAL] log call at: modules/Administration/index.tpl:54 - MY_FRAME is not set
Mon Sep 24 17:37:41 2018 [5705][1][FATAL] log call at: modules/Administration/index.tpl:54 - MY_FRAME is not set
Mon Sep 24 17:38:05 2018 [6249][1][FATAL] log call at: modules/Administration/index.tpl:54 - MY_FRAME is not set
Mon Sep 24 17:45:04 2018 [6224][1][FATAL] log call at: modules/Administration/index.tpl:54 - MY_FRAME is not set
Mon Sep 24 17:50:50 2018 [6285][1][FATAL] log call at: modules/Administration/index.tpl:54 - MY_FRAME is not set
Mon Sep 24 17:52:36 2018 [6677][1][FATAL] log call at: modules/Administration/index.tpl:54 - MY_FRAME is not set
Mon Sep 24 17:54:01 2018 [6249][1][FATAL] log call at: modules/Administration/index.tpl:54 - MY_FRAME is not set
Mon Sep 24 17:59:39 2018 [7439][1][FATAL] log call at: modules/Administration/index.tpl:54 - MY_FRAME is not set
Mon Sep 24 18:04:18 2018 [6450][1][FATAL] log call at: modules/Administration/index.tpl:54 - MY_FRAME is not set
Mon Sep 24 18:12:28 2018 [4616][1][FATAL] Exception handling in /var/www/html/crm-creacttive/include/MVC/Controller/SugarController.php:402
Mon Sep 24 18:12:28 2018 [4616][1][FATAL] Exception in Controller: Subpanel was not defined
Mon Sep 24 18:12:28 2018 [4616][1][FATAL] backtrace:
#0 /var/www/html/crm-creacttive/include/SubPanel/SubPanelViewer.php(61): sugar_die('Subpanel was no...')
#1 /var/www/html/crm-creacttive/include/MVC/Controller/SugarController.php(1081): require_once('/var/www/html/c...')
#2 /var/www/html/crm-creacttive/include/MVC/Controller/SugarController.php(465): SugarController->handleActionMaps()
#3 /var/www/html/crm-creacttive/include/MVC/Controller/SugarController.php(373): SugarController->process()
#4 /var/www/html/crm-creacttive/include/MVC/SugarApplication.php(109): SugarController->execute()
#5 /var/www/html/crm-creacttive/index.php(52): SugarApplication->execute()
#6 {main}
Mon Sep 24 18:12:38 2018 [7339][1][FATAL] log call at: modules/Administration/index.tpl:54 - MY_FRAME is not set
Mon Sep 24 19:30:07 2018 [6224][1][FATAL] log call at: modules/Administration/index.tpl:54 - MY_FRAME is not set
Mon Sep 24 19:33:05 2018 [6450][1][FATAL] log call at: modules/Administration/index.tpl:54 - MY_FRAME is not set
Mon Sep 24 19:33:54 2018 [7439][1][FATAL] Mysqli_query failed.
Mon Sep 24 19:33:54 2018 [7439][1][FATAL]  Query Failed:  SELECT  mks_paymentmethods.id , mks_paymentmethods.assigned_user_id , mks_paymentmethods.name  , jt0.user_name assigned_user_name , jt0.created_by assigned_user_name_owner  , 'Users' assigned_user_name_mod, mks_paymentmethods.created_by  FROM mks_paymentmethods   LEFT JOIN  users jt0 ON mks_paymentmethods.assigned_user_id=jt0.id AND jt0.deleted=0

 AND jt0.deleted=0 where mks_paymentmethods.deleted=0 ORDER BY mks_paymentmethods.date_entered DESC LIMIT 0,21: MySQL error 1146: Table 'crm_creacttive.mks_paymentmethods' doesn't exist
Mon Sep 24 19:34:22 2018 [6249][1][FATAL] log call at: modules/Administration/index.tpl:54 - MY_FRAME is not set
Mon Sep 24 19:35:35 2018 [7339][1][FATAL] Mysqli_query failed.
Mon Sep 24 19:35:35 2018 [7339][1][FATAL]  Query Failed:  SELECT  mks_paymentconcepts.id , mks_paymentconcepts.assigned_user_id , mks_paymentconcepts.name  , jt0.user_name assigned_user_name , jt0.created_by assigned_user_name_owner  , 'Users' assigned_user_name_mod, mks_paymentconcepts.created_by  FROM mks_paymentconcepts   LEFT JOIN  users jt0 ON mks_paymentconcepts.assigned_user_id=jt0.id AND jt0.deleted=0

 AND jt0.deleted=0 where mks_paymentconcepts.deleted=0 ORDER BY mks_paymentconcepts.date_entered DESC LIMIT 0,21: MySQL error 1146: Table 'crm_creacttive.mks_paymentconcepts' doesn't exist
Mon Sep 24 19:35:47 2018 [7439][1][FATAL] Mysqli_query failed.
Mon Sep 24 19:35:47 2018 [7439][1][FATAL]  Query Failed:  SELECT  mks_paymentmethods.id , mks_paymentmethods.assigned_user_id , mks_paymentmethods.name  , jt0.user_name assigned_user_name , jt0.created_by assigned_user_name_owner  , 'Users' assigned_user_name_mod, mks_paymentmethods.created_by  FROM mks_paymentmethods   LEFT JOIN  users jt0 ON mks_paymentmethods.assigned_user_id=jt0.id AND jt0.deleted=0

 AND jt0.deleted=0 where mks_paymentmethods.deleted=0 ORDER BY mks_paymentmethods.date_entered DESC LIMIT 0,21: MySQL error 1146: Table 'crm_creacttive.mks_paymentmethods' doesn't exist
Mon Sep 24 19:36:16 2018 [6285][1][FATAL] Mysqli_query failed.
Mon Sep 24 19:36:16 2018 [6285][1][FATAL]  Query Failed:  SELECT  mks_categorymedia.id , mks_categorymedia.assigned_user_id , mks_categorymedia.name  , jt0.user_name assigned_user_name , jt0.created_by assigned_user_name_owner  , 'Users' assigned_user_name_mod, mks_categorymedia.created_by  FROM mks_categorymedia   LEFT JOIN  users jt0 ON mks_categorymedia.assigned_user_id=jt0.id AND jt0.deleted=0

 AND jt0.deleted=0 where mks_categorymedia.deleted=0 ORDER BY mks_categorymedia.date_entered DESC LIMIT 0,21: MySQL error 1146: Table 'crm_creacttive.mks_categorymedia' doesn't exist
Mon Sep 24 19:41:11 2018 [7797][1][FATAL] log call at: modules/Administration/index.tpl:54 - MY_FRAME is not set
Mon Sep 24 19:56:27 2018 [4406][1][FATAL] log call at: modules/Administration/index.tpl:54 - MY_FRAME is not set
Mon Sep 24 19:56:51 2018 [4616][1][FATAL] log call at: modules/Administration/index.tpl:54 - MY_FRAME is not set
Mon Sep 24 20:10:11 2018 [9880][1][FATAL] Mysqli_query failed.
Mon Sep 24 20:10:11 2018 [9880][1][FATAL]  Query Failed:  SELECT  mks_categorymedia.id , mks_categorymedia.assigned_user_id , mks_categorymedia.name  , jt0.user_name assigned_user_name , jt0.created_by assigned_user_name_owner  , 'Users' assigned_user_name_mod, mks_categorymedia.created_by  FROM mks_categorymedia   LEFT JOIN  users jt0 ON mks_categorymedia.assigned_user_id=jt0.id AND jt0.deleted=0

 AND jt0.deleted=0 where mks_categorymedia.deleted=0 ORDER BY mks_categorymedia.date_entered DESC LIMIT 0,21: MySQL error 1146: Table 'crm_creacttive.mks_categorymedia' doesn't exist
Mon Sep 24 20:12:02 2018 [7797][1][FATAL] log call at: modules/Administration/index.tpl:54 - MY_FRAME is not set
